# JRE version: Java(TM) SE Runtime Environment (17.0.10+11) (build 17.0.10+11-LTS-240)
# Java VM: Java HotSpot(TM) 64-Bit Server VM (17.0.10+11-LTS-240, mixed mode, emulated-client, sharing, tiered, compressed oops, compressed class ptrs, g1 gc, windows-amd64)
GC Precious Log:
 CPUs: 16 total, 16 available
 Memory: 16005M
 Large Page Support: Disabled
 NUMA Support: Disabled
 Compressed Oops: Enabled (Zero based)
 Heap Region Size: 2M
 Heap Min Capacity: 8M
 Heap Initial Capacity: 252M
 Heap Max Capacity: 4002M
 Pre-touch: Disabled
 Parallel Workers: 13
 Concurrent Workers: 3
 Concurrent Refinement Workers: 13
 Periodic GC: Disabled
Heap:
 garbage-first heap   total 258048K, used 138837K [0x0000000705e00000, 0x0000000800000000)
  region size 2048K, 3 young (6144K), 3 survivors (6144K)
 Metaspace       used 83567K, committed 84096K, reserved 1179648K
  class space    used 11084K, committed 11328K, reserved 1048576K
GC Heap History (20 events):
Event: 17.456 GC heap after
{Heap after GC invocations=27 (full 0):
 garbage-first heap   total 135168K, used 47798K [0x0000000705e00000, 0x0000000800000000)
  region size 2048K, 4 young (8192K), 4 survivors (8192K)
 Metaspace       used 77736K, committed 78272K, reserved 1179648K
  class space    used 10245K, committed 10496K, reserved 1048576K
}
Event: 18.118 GC heap before
{Heap before GC invocations=27 (full 0):
 garbage-first heap   total 135168K, used 107190K [0x0000000705e00000, 0x0000000800000000)
  region size 2048K, 33 young (67584K), 4 survivors (8192K)
 Metaspace       used 80108K, committed 80640K, reserved 1179648K
  class space    used 10641K, committed 10880K, reserved 1048576K
}
Event: 18.122 GC heap after
{Heap after GC invocations=28 (full 0):
 garbage-first heap   total 135168K, used 53393K [0x0000000705e00000, 0x0000000800000000)
  region size 2048K, 5 young (10240K), 5 survivors (10240K)
 Metaspace       used 80108K, committed 80640K, reserved 1179648K
  class space    used 10641K, committed 10880K, reserved 1048576K
}
Event: 18.725 GC heap before
{Heap before GC invocations=28 (full 0):
 garbage-first heap   total 135168K, used 104593K [0x0000000705e00000, 0x0000000800000000)
  region size 2048K, 31 young (63488K), 5 survivors (10240K)
 Metaspace       used 82218K, committed 82816K, reserved 1179648K
  class space    used 10908K, committed 11200K, reserved 1048576K
}
Event: 18.730 GC heap after
{Heap after GC invocations=29 (full 0):
 garbage-first heap   total 135168K, used 60080K [0x0000000705e00000, 0x0000000800000000)
  region size 2048K, 4 young (8192K), 4 survivors (8192K)
 Metaspace       used 82218K, committed 82816K, reserved 1179648K
  class space    used 10908K, committed 11200K, reserved 1048576K
}
Event: 18.823 GC heap before
{Heap before GC invocations=29 (full 0):
 garbage-first heap   total 135168K, used 105136K [0x0000000705e00000, 0x0000000800000000)
  region size 2048K, 27 young (55296K), 4 survivors (8192K)
 Metaspace       used 82231K, committed 82816K, reserved 1179648K
  class space    used 10910K, committed 11200K, reserved 1048576K
}
Event: 18.827 GC heap after
{Heap after GC invocations=30 (full 0):
 garbage-first heap   total 135168K, used 67584K [0x0000000705e00000, 0x0000000800000000)
  region size 2048K, 4 young (8192K), 4 survivors (8192K)
 Metaspace       used 82231K, committed 82816K, reserved 1179648K
  class space    used 10910K, committed 11200K, reserved 1048576K
}
Event: 18.989 GC heap before
{Heap before GC invocations=30 (full 0):
 garbage-first heap   total 135168K, used 106496K [0x0000000705e00000, 0x0000000800000000)
  region size 2048K, 23 young (47104K), 4 survivors (8192K)
 Metaspace       used 82310K, committed 82880K, reserved 1179648K
  class space    used 10921K, committed 11200K, reserved 1048576K
}
Event: 18.994 GC heap after
{Heap after GC invocations=31 (full 0):
 garbage-first heap   total 135168K, used 78749K [0x0000000705e00000, 0x0000000800000000)
  region size 2048K, 3 young (6144K), 3 survivors (6144K)
 Metaspace       used 82310K, committed 82880K, reserved 1179648K
  class space    used 10921K, committed 11200K, reserved 1048576K
}
Event: 19.026 GC heap before
{Heap before GC invocations=31 (full 0):
 garbage-first heap   total 135168K, used 105373K [0x0000000705e00000, 0x0000000800000000)
  region size 2048K, 16 young (32768K), 3 survivors (6144K)
 Metaspace       used 82310K, committed 82880K, reserved 1179648K
  class space    used 10921K, committed 11200K, reserved 1048576K
}
Event: 19.030 GC heap after
{Heap after GC invocations=32 (full 0):
 garbage-first heap   total 249856K, used 85638K [0x0000000705e00000, 0x0000000800000000)
  region size 2048K, 2 young (4096K), 2 survivors (4096K)
 Metaspace       used 82310K, committed 82880K, reserved 1179648K
  class space    used 10921K, committed 11200K, reserved 1048576K
}
Event: 19.233 GC heap before
{Heap before GC invocations=33 (full 0):
 garbage-first heap   total 249856K, used 165510K [0x0000000705e00000, 0x0000000800000000)
  region size 2048K, 42 young (86016K), 2 survivors (4096K)
 Metaspace       used 82310K, committed 82880K, reserved 1179648K
  class space    used 10921K, committed 11200K, reserved 1048576K
}
Event: 19.241 GC heap after
{Heap after GC invocations=34 (full 0):
 garbage-first heap   total 249856K, used 105181K [0x0000000705e00000, 0x0000000800000000)
  region size 2048K, 6 young (12288K), 6 survivors (12288K)
 Metaspace       used 82310K, committed 82880K, reserved 1179648K
  class space    used 10921K, committed 11200K, reserved 1048576K
}
Event: 19.244 GC heap before
{Heap before GC invocations=34 (full 0):
 garbage-first heap   total 249856K, used 107229K [0x0000000705e00000, 0x0000000800000000)
  region size 2048K, 7 young (14336K), 6 survivors (12288K)
 Metaspace       used 82310K, committed 82880K, reserved 1179648K
  class space    used 10921K, committed 11200K, reserved 1048576K
}
Event: 19.248 GC heap after
{Heap after GC invocations=35 (full 0):
 garbage-first heap   total 249856K, used 106641K [0x0000000705e00000, 0x0000000800000000)
  region size 2048K, 1 young (2048K), 1 survivors (2048K)
 Metaspace       used 82310K, committed 82880K, reserved 1179648K
  class space    used 10921K, committed 11200K, reserved 1048576K
}
Event: 19.430 GC heap before
{Heap before GC invocations=35 (full 0):
 garbage-first heap   total 249856K, used 174225K [0x0000000705e00000, 0x0000000800000000)
  region size 2048K, 35 young (71680K), 1 survivors (2048K)
 Metaspace       used 82319K, committed 82944K, reserved 1179648K
  class space    used 10922K, committed 11200K, reserved 1048576K
}
Event: 19.434 GC heap after
{Heap after GC invocations=36 (full 0):
 garbage-first heap   total 249856K, used 121371K [0x0000000705e00000, 0x0000000800000000)
  region size 2048K, 5 young (10240K), 5 survivors (10240K)
 Metaspace       used 82319K, committed 82944K, reserved 1179648K
  class space    used 10922K, committed 11200K, reserved 1048576K
}
Event: 19.748 GC heap before
{Heap before GC invocations=36 (full 0):
 garbage-first heap   total 249856K, used 182811K [0x0000000705e00000, 0x0000000800000000)
  region size 2048K, 35 young (71680K), 5 survivors (10240K)
 Metaspace       used 82449K, committed 83008K, reserved 1179648K
  class space    used 10952K, committed 11200K, reserved 1048576K
}
Event: 19.757 GC heap after
{Heap after GC invocations=37 (full 0):
 garbage-first heap   total 249856K, used 134110K [0x0000000705e00000, 0x0000000800000000)
  region size 2048K, 5 young (10240K), 5 survivors (10240K)
 Metaspace       used 82449K, committed 83008K, reserved 1179648K
  class space    used 10952K, committed 11200K, reserved 1048576K
}
Event: 21.159 GC heap before
{Heap before GC invocations=37 (full 0):
 garbage-first heap   total 249856K, used 187358K [0x0000000705e00000, 0x0000000800000000)
  region size 2048K, 31 young (63488K), 5 survivors (10240K)
 Metaspace       used 83567K, committed 84096K, reserved 1179648K
  class space    used 11084K, committed 11328K, reserved 1048576K
}

